20-Jun-2017 20:29:05.811 INFO [main] org.apache.catalina.startup.VersionLoggerListener.log Server version:        Apache Tomcat/8.0.27
20-Jun-2017 20:29:05.813 INFO [main] org.apache.catalina.startup.VersionLoggerListener.log Server built:          Sep 28 2015 08:17:25 UTC
20-Jun-2017 20:29:05.813 INFO [main] org.apache.catalina.startup.VersionLoggerListener.log Server number:         8.0.27.0
20-Jun-2017 20:29:05.814 INFO [main] org.apache.catalina.startup.VersionLoggerListener.log OS Name:               Windows 7
20-Jun-2017 20:29:05.814 INFO [main] org.apache.catalina.startup.VersionLoggerListener.log OS Version:            6.1
20-Jun-2017 20:29:05.814 INFO [main] org.apache.catalina.startup.VersionLoggerListener.log Architecture:          x86
20-Jun-2017 20:29:05.814 INFO [main] org.apache.catalina.startup.VersionLoggerListener.log Java Home:             C:\Program Files\Java\jdk1.8.0_112\jre
20-Jun-2017 20:29:05.814 INFO [main] org.apache.catalina.startup.VersionLoggerListener.log JVM Version:           1.8.0_112-b15
20-Jun-2017 20:29:05.814 INFO [main] org.apache.catalina.startup.VersionLoggerListener.log JVM Vendor:            Oracle Corporation
20-Jun-2017 20:29:05.814 INFO [main] org.apache.catalina.startup.VersionLoggerListener.log CATALINA_BASE:         D:\#Softwares\apache-tomcat-8.0.27-windows-x86\apache-tomcat-8.0.27
20-Jun-2017 20:29:05.815 INFO [main] org.apache.catalina.startup.VersionLoggerListener.log CATALINA_HOME:         D:\#Softwares\apache-tomcat-8.0.27-windows-x86\apache-tomcat-8.0.27
20-Jun-2017 20:29:05.815 INFO [main] org.apache.catalina.startup.VersionLoggerListener.log Command line argument: -Dhttp.nonProxyHosts=localhost|127.0.0.1|PUDING-PC
20-Jun-2017 20:29:05.815 INFO [main] org.apache.catalina.startup.VersionLoggerListener.log Command line argument: -Djava.util.logging.config.file=D:\#Softwares\apache-tomcat-8.0.27-windows-x86\apache-tomcat-8.0.27\conf\logging.properties
20-Jun-2017 20:29:05.815 INFO [main] org.apache.catalina.startup.VersionLoggerListener.log Command line argument: -Djava.util.logging.manager=org.apache.juli.ClassLoaderLogManager
20-Jun-2017 20:29:05.815 INFO [main] org.apache.catalina.startup.VersionLoggerListener.log Command line argument: -Djava.endorsed.dirs=D:\#Softwares\apache-tomcat-8.0.27-windows-x86\apache-tomcat-8.0.27\endorsed
20-Jun-2017 20:29:05.816 INFO [main] org.apache.catalina.startup.VersionLoggerListener.log Command line argument: -Dcatalina.base=D:\#Softwares\apache-tomcat-8.0.27-windows-x86\apache-tomcat-8.0.27
20-Jun-2017 20:29:05.816 INFO [main] org.apache.catalina.startup.VersionLoggerListener.log Command line argument: -Dcatalina.home=D:\#Softwares\apache-tomcat-8.0.27-windows-x86\apache-tomcat-8.0.27
20-Jun-2017 20:29:05.816 INFO [main] org.apache.catalina.startup.VersionLoggerListener.log Command line argument: -Djava.io.tmpdir=D:\#Softwares\apache-tomcat-8.0.27-windows-x86\apache-tomcat-8.0.27\temp
20-Jun-2017 20:29:05.816 INFO [main] org.apache.catalina.core.AprLifecycleListener.lifecycleEvent Loaded APR based Apache Tomcat Native library 1.1.33 using APR version 1.5.1.
20-Jun-2017 20:29:05.816 INFO [main] org.apache.catalina.core.AprLifecycleListener.lifecycleEvent APR capabilities: IPv6 [true], sendfile [true], accept filters [false], random [true].
20-Jun-2017 20:29:06.953 INFO [main] org.apache.catalina.core.AprLifecycleListener.initializeSSL OpenSSL successfully initialized (OpenSSL 1.0.1m 19 Mar 2015)
20-Jun-2017 20:29:07.534 INFO [main] org.apache.coyote.AbstractProtocol.init Initializing ProtocolHandler ["http-apr-8081"]
20-Jun-2017 20:29:07.550 INFO [main] org.apache.coyote.AbstractProtocol.init Initializing ProtocolHandler ["ajp-apr-8009"]
20-Jun-2017 20:29:07.552 INFO [main] org.apache.catalina.startup.Catalina.load Initialization processed in 2775 ms
20-Jun-2017 20:29:07.627 INFO [main] org.apache.catalina.core.StandardService.startInternal Starting service Catalina
20-Jun-2017 20:29:07.627 INFO [main] org.apache.catalina.core.StandardEngine.startInternal Starting Servlet Engine: Apache Tomcat/8.0.27
20-Jun-2017 20:29:07.687 INFO [localhost-startStop-1] org.apache.catalina.startup.HostConfig.deployDirectory Deploying web application directory D:\#Softwares\apache-tomcat-8.0.27-windows-x86\apache-tomcat-8.0.27\webapps\docs
20-Jun-2017 20:29:08.386 INFO [localhost-startStop-1] org.apache.catalina.util.SessionIdGeneratorBase.createSecureRandom Creation of SecureRandom instance for session ID generation using [SHA1PRNG] took [201] milliseconds.
20-Jun-2017 20:29:08.430 INFO [localhost-startStop-1] org.apache.catalina.startup.HostConfig.deployDirectory Deployment of web application directory D:\#Softwares\apache-tomcat-8.0.27-windows-x86\apache-tomcat-8.0.27\webapps\docs has finished in 743 ms
20-Jun-2017 20:29:08.430 INFO [localhost-startStop-1] org.apache.catalina.startup.HostConfig.deployDirectory Deploying web application directory D:\#Softwares\apache-tomcat-8.0.27-windows-x86\apache-tomcat-8.0.27\webapps\examples
20-Jun-2017 20:29:09.083 INFO [localhost-startStop-1] org.apache.catalina.startup.HostConfig.deployDirectory Deployment of web application directory D:\#Softwares\apache-tomcat-8.0.27-windows-x86\apache-tomcat-8.0.27\webapps\examples has finished in 653 ms
20-Jun-2017 20:29:09.083 INFO [localhost-startStop-1] org.apache.catalina.startup.HostConfig.deployDirectory Deploying web application directory D:\#Softwares\apache-tomcat-8.0.27-windows-x86\apache-tomcat-8.0.27\webapps\host-manager
20-Jun-2017 20:29:09.162 INFO [localhost-startStop-1] org.apache.catalina.startup.HostConfig.deployDirectory Deployment of web application directory D:\#Softwares\apache-tomcat-8.0.27-windows-x86\apache-tomcat-8.0.27\webapps\host-manager has finished in 78 ms
20-Jun-2017 20:29:09.162 INFO [localhost-startStop-1] org.apache.catalina.startup.HostConfig.deployDirectory Deploying web application directory D:\#Softwares\apache-tomcat-8.0.27-windows-x86\apache-tomcat-8.0.27\webapps\manager
20-Jun-2017 20:29:09.245 INFO [localhost-startStop-1] org.apache.catalina.startup.HostConfig.deployDirectory Deployment of web application directory D:\#Softwares\apache-tomcat-8.0.27-windows-x86\apache-tomcat-8.0.27\webapps\manager has finished in 83 ms
20-Jun-2017 20:29:09.246 INFO [localhost-startStop-1] org.apache.catalina.startup.HostConfig.deployDirectory Deploying web application directory D:\#Softwares\apache-tomcat-8.0.27-windows-x86\apache-tomcat-8.0.27\webapps\ROOT
20-Jun-2017 20:29:09.274 INFO [localhost-startStop-1] org.apache.catalina.startup.HostConfig.deployDirectory Deployment of web application directory D:\#Softwares\apache-tomcat-8.0.27-windows-x86\apache-tomcat-8.0.27\webapps\ROOT has finished in 28 ms
20-Jun-2017 20:29:09.282 INFO [main] org.apache.coyote.AbstractProtocol.start Starting ProtocolHandler ["http-apr-8081"]
20-Jun-2017 20:29:09.300 INFO [main] org.apache.coyote.AbstractProtocol.start Starting ProtocolHandler ["ajp-apr-8009"]
20-Jun-2017 20:29:09.356 INFO [main] org.apache.catalina.startup.Catalina.start Server startup in 1803 ms
